Link testing.
Using Firefox
0 PASS: linkhome ==> library for numerical computations in page
1 PASS: linkworkshop ==> IN in page
2 FAIL: linkdoc ==> Class Index not in page
Traceback (most recent call last):
  File "selenium_links.py", line 24, in test
    assert(x[1] in foo)
AssertionError
3 FAIL: linklib ==> @namespace The numeric library not in page
Traceback (most recent call last):
  File "selenium_links.py", line 24, in test
    assert(x[1] in foo)
AssertionError
4 PASS: linklibmin ==> var numeric={};numeric in page
Link testing complete. PASS: 3 FAIL: 2 Total: 5
Fetching http://numericjs.com/staging/lib/numeric.js
In-browser unit tests.
Using Chrome
Chrome testing complete. PASS: 0 FAIL: 0 Total: 0
Fetching http://numericjs.com/staging/lib/numeric.js
In-browser unit tests.
Using Firefox
Firefox testing complete. PASS: 0 FAIL: 0 Total: 0
